[debug] [2023-03-23T07:28:04.095Z] ----------------------------------------------------------------------
[debug] [2023-03-23T07:28:04.096Z] Command:       /usr/local/bin/firebase /Users/jonathankowa/.cache/firebase/tools/lib/node_modules/firebase-tools/lib/bin/firebase apps:list ios --json --project=starthack-delta
[debug] [2023-03-23T07:28:04.097Z] CLI Version:   11.25.1
[debug] [2023-03-23T07:28:04.097Z] Platform:      darwin
[debug] [2023-03-23T07:28:04.097Z] Node Version:  v16.16.0
[debug] [2023-03-23T07:28:04.099Z] Time:          Thu Mar 23 2023 08:28:04 GMT+0100 (GMT+01:00)
[debug] [2023-03-23T07:28:04.099Z] ----------------------------------------------------------------------
[debug] 
[debug] [2023-03-23T07:28:04.114Z] > command requires scopes: ["email","openid","https://www.googleapis.com/auth/cloudplatformprojects.readonly","https://www.googleapis.com/auth/firebase","https://www.googleapis.com/auth/cloud-platform"]
[debug] [2023-03-23T07:28:04.116Z] > authorizing via signed-in user (jonathan@kowa.io)
[debug] [2023-03-23T07:28:04.120Z] >>> [apiv2][query] GET https://firebase.googleapis.com/v1beta1/projects/starthack-delta/iosApps pageSize=100
[debug] [2023-03-23T07:28:04.609Z] <<< [apiv2][status] GET https://firebase.googleapis.com/v1beta1/projects/starthack-delta/iosApps 200
[debug] [2023-03-23T07:28:04.611Z] <<< [apiv2][body] GET https://firebase.googleapis.com/v1beta1/projects/starthack-delta/iosApps {"apps":[{"name":"projects/starthack-delta/iosApps/1:568507595325:ios:c426bc44572311b7850854","appId":"1:568507595325:ios:c426bc44572311b7850854","displayName":"starthack_delta_bellfood (ios)","projectId":"starthack-delta","bundleId":"com.example.starthackDeltaBellfood","apiKeyId":"11724ff3-7c40-492d-a73e-3d6957d911ef","state":"ACTIVE","expireTime":"1970-01-01T00:00:00Z","etag":"1_0c39832c-f565-4ffc-83b3-27eaf4c188f9"}]}
[info] ┌────────────────────────────────┬───────────────────────────────────────────┬──────────┐
│ App Display Name               │ App ID                                    │ Platform │
├────────────────────────────────┼───────────────────────────────────────────┼──────────┤
│ starthack_delta_bellfood (ios) │ 1:568507595325:ios:c426bc44572311b7850854 │ IOS      │
└────────────────────────────────┴───────────────────────────────────────────┴──────────┘
[info] 
[info] 1 app(s) total.
[debug] [2023-03-23T07:28:11.182Z] Error: Timed out.
    at Timeout.<anonymous> (/Users/jonathankowa/.cache/firebase/tools/lib/node_modules/firebase-tools/lib/utils.js:253:49)
    at listOnTimeout (node:internal/timers:559:17)
    at processTimers (node:internal/timers:502:7)
[error] 
[error] Error: An unexpected error has occurred.
